 Fermi distribution function

Geometry optimization step: 60, Lattice step: 6


********************************************************************************
 iSCC Total electronic   Diff electronic      SCC error    
    1   -0.10695926E+02    0.00000000E+00    0.98165387E-09
********************************************************************************

K-points in absolute space:     1:  0.002869  0.002449  0.000000
                                2:  0.002869  0.007347  0.000000
                                3:  0.002869  0.012245 -0.000000
                                4:  0.002869  0.017144 -0.000000
                                5:  0.002869  0.022042 -0.000000
                                6:  0.002869  0.026940 -0.000000
                                7:  0.002869  0.031838 -0.000000
                                8:  0.002869  0.036736 -0.000000
                                9:  0.002869  0.041635 -0.000000
                               10:  0.002869  0.046533 -0.000000
                               11:  0.002869  0.051431 -0.000000
                               12:  0.002869  0.056329 -0.000000
                               13:  0.002869  0.061227 -0.000000
                               14:  0.002869  0.066126 -0.000000
                               15:  0.002869  0.071024 -0.000000
                               16:  0.002869  0.075922 -0.000000
                               17:  0.002869  0.080820 -0.000000
                               18:  0.002869  0.085718 -0.000000
                               19:  0.002869  0.090617 -0.000000
                               20:  0.002869  0.095515 -0.000000
                               21:  0.002869  0.100413 -0.000000
                               22:  0.002869  0.105311 -0.000000
                               23:  0.002869  0.110209 -0.000000
                               24:  0.002869  0.115108 -0.000000
                               25:  0.008607  0.002449  0.000000
                               26:  0.008607  0.007347  0.000000
                               27:  0.008607  0.012245  0.000000
                               28:  0.008607  0.017144  0.000000
                               29:  0.008607  0.022042  0.000000
                               30:  0.008607  0.026940 -0.000000
                               31:  0.008607  0.031838 -0.000000
                               32:  0.008607  0.036736 -0.000000
                               33:  0.008607  0.041635 -0.000000
                               34:  0.008607  0.046533 -0.000000
                               35:  0.008607  0.051431 -0.000000
                               36:  0.008607  0.056329 -0.000000
                               37:  0.008607  0.061227 -0.000000
                               38:  0.008607  0.066126 -0.000000
                               39:  0.008607  0.071024 -0.000000
                               40:  0.008607  0.075922 -0.000000
                               41:  0.008607  0.080820 -0.000000
                               42:  0.008607  0.085718 -0.000000
                               43:  0.008607  0.090617 -0.000000
                               44:  0.008607  0.095515 -0.000000
                               45:  0.008607  0.100413 -0.000000
                               46:  0.008607  0.105311 -0.000000
                               47:  0.008607  0.110209 -0.000000
                               48:  0.008607  0.115108 -0.000000
                               49:  0.014345  0.002449  0.000000
                               50:  0.014345  0.007347  0.000000
                               51:  0.014345  0.012245  0.000000
                               52:  0.014345  0.017144  0.000000
                               53:  0.014345  0.022042  0.000000
                               54:  0.014345  0.026940  0.000000
                               55:  0.014345  0.031838  0.000000
                               56:  0.014345  0.036736  0.000000
                               57:  0.014345  0.041635  0.000000
                               58:  0.014345  0.046533 -0.000000
                               59:  0.014345  0.051431 -0.000000
                               60:  0.014345  0.056329 -0.000000
                               61:  0.014345  0.061227 -0.000000
                               62:  0.014345  0.066126 -0.000000
                               63:  0.014345  0.071024 -0.000000
                               64:  0.014345  0.075922 -0.000000
                               65:  0.014345  0.080820 -0.000000
                               66:  0.014345  0.085718 -0.000000
                               67:  0.014345  0.090617 -0.000000
                               68:  0.014345  0.095515 -0.000000
                               69:  0.014345  0.100413 -0.000000
                               70:  0.014345  0.105311 -0.000000
                               71:  0.014345  0.110209 -0.000000
                               72:  0.014345  0.115108 -0.000000
                               73:  0.020083  0.002449  0.000000
                               74:  0.020083  0.007347  0.000000
                               75:  0.020083  0.012245  0.000000
                               76:  0.020083  0.017144  0.000000
                               77:  0.020083  0.022042  0.000000
                               78:  0.020083  0.026940  0.000000
                               79:  0.020083  0.031838  0.000000
                               80:  0.020083  0.036736  0.000000
                               81:  0.020083  0.041635  0.000000
                               82:  0.020083  0.046533  0.000000
                               83:  0.020083  0.051431  0.000000
                               84:  0.020083  0.056329  0.000000
                               85:  0.020083  0.061227 -0.000000
                               86:  0.020083  0.066126 -0.000000
                               87:  0.020083  0.071024 -0.000000
                               88:  0.020083  0.075922 -0.000000
                               89:  0.020083  0.080820 -0.000000
                               90:  0.020083  0.085718 -0.000000
                               91:  0.020083  0.090617 -0.000000
                               92:  0.020083  0.095515 -0.000000
                               93:  0.020083  0.100413 -0.000000
                               94:  0.020083  0.105311 -0.000000
                               95:  0.020083  0.110209 -0.000000
                               96:  0.020083  0.115108 -0.000000
                               97:  0.025821  0.002449  0.000000
                               98:  0.025821  0.007347  0.000000
                               99:  0.025821  0.012245  0.000000
                              100:  0.025821  0.017144  0.000000
                              101:  0.025821  0.022042  0.000000
                              102:  0.025821  0.026940  0.000000
                              103:  0.025821  0.031838  0.000000
                              104:  0.025821  0.036736  0.000000
                              105:  0.025821  0.041635  0.000000
                              106:  0.025821  0.046533  0.000000
                              107:  0.025821  0.051431  0.000000
                              108:  0.025821  0.056329  0.000000
                              109:  0.025821  0.061227  0.000000
                              110:  0.025821  0.066126  0.000000
                              111:  0.025821  0.071024  0.000000
                              112:  0.025821  0.075922 -0.000000
                              113:  0.025821  0.080820 -0.000000
                              114:  0.025821  0.085718 -0.000000
                              115:  0.025821  0.090617 -0.000000
                              116:  0.025821  0.095515 -0.000000
                              117:  0.025821  0.100413 -0.000000
                              118:  0.025821  0.105311 -0.000000
                              119:  0.025821  0.110209 -0.000000
                              120:  0.025821  0.115108 -0.000000
                              121:  0.031559  0.002449  0.000000
                              122:  0.031559  0.007347  0.000000
                              123:  0.031559  0.012245  0.000000
                              124:  0.031559  0.017144  0.000000
                              125:  0.031559  0.022042  0.000000
                              126:  0.031559  0.026940  0.000000
                              127:  0.031559  0.031838  0.000000
                              128:  0.031559  0.036736  0.000000
                              129:  0.031559  0.041635  0.000000
                              130:  0.031559  0.046533  0.000000
                              131:  0.031559  0.051431  0.000000
                              132:  0.031559  0.056329  0.000000
                              133:  0.031559  0.061227  0.000000
                              134:  0.031559  0.066126  0.000000
                              135:  0.031559  0.071024  0.000000
                              136:  0.031559  0.075922  0.000000
                              137:  0.031559  0.080820  0.000000
                              138:  0.031559  0.085718  0.000000
                              139:  0.031559  0.090617  0.000000
                              140:  0.031559  0.095515 -0.000000
                              141:  0.031559  0.100413 -0.000000
                              142:  0.031559  0.105311 -0.000000
                              143:  0.031559  0.110209 -0.000000
                              144:  0.031559  0.115108 -0.000000
                              145:  0.037297  0.002449  0.000000
                              146:  0.037297  0.007347  0.000000
                              147:  0.037297  0.012245  0.000000
                              148:  0.037297  0.017144  0.000000
                              149:  0.037297  0.022042  0.000000
                              150:  0.037297  0.026940  0.000000
                              151:  0.037297  0.031838  0.000000
                              152:  0.037297  0.036736  0.000000
                              153:  0.037297  0.041635  0.000000
                              154:  0.037297  0.046533  0.000000
                              155:  0.037297  0.051431  0.000000
                              156:  0.037297  0.056329  0.000000
                              157:  0.037297  0.061227  0.000000
                              158:  0.037297  0.066126  0.000000
                              159:  0.037297  0.071024  0.000000
                              160:  0.037297  0.075922  0.000000
                              161:  0.037297  0.080820  0.000000
                              162:  0.037297  0.085718  0.000000
                              163:  0.037297  0.090617  0.000000
                              164:  0.037297  0.095515  0.000000
                              165:  0.037297  0.100413  0.000000
                              166:  0.037297  0.105311  0.000000
                              167:  0.037297  0.110209 -0.000000
                              168:  0.037297  0.115108 -0.000000
                              169:  0.043035  0.002449  0.000000
                              170:  0.043035  0.007347  0.000000
                              171:  0.043035  0.012245  0.000000
                              172:  0.043035  0.017144  0.000000
                              173:  0.043035  0.022042  0.000000
                              174:  0.043035  0.026940  0.000000
                              175:  0.043035  0.031838  0.000000
                              176:  0.043035  0.036736  0.000000
                              177:  0.043035  0.041635  0.000000
                              178:  0.043035  0.046533  0.000000
                              179:  0.043035  0.051431  0.000000
                              180:  0.043035  0.056329  0.000000
                              181:  0.043035  0.061227  0.000000
                              182:  0.043035  0.066126  0.000000
                              183:  0.043035  0.071024  0.000000
                              184:  0.043035  0.075922  0.000000
                              185:  0.043035  0.080820  0.000000
                              186:  0.043035  0.085718  0.000000
                              187:  0.043035  0.090617  0.000000
                              188:  0.043035  0.095515  0.000000
                              189:  0.043035  0.100413  0.000000
                              190:  0.043035  0.105311  0.000000
                              191:  0.043035  0.110209  0.000000
                              192:  0.043035  0.115108  0.000000
                              193:  0.048772  0.002449  0.000000
                              194:  0.048772  0.007347  0.000000
                              195:  0.048772  0.012245  0.000000
                              196:  0.048772  0.017144  0.000000
                              197:  0.048772  0.022042  0.000000
                              198:  0.048772  0.026940  0.000000
                              199:  0.048772  0.031838  0.000000
                              200:  0.048772  0.036736  0.000000
                              201:  0.048772  0.041635  0.000000
                              202:  0.048772  0.046533  0.000000
                              203:  0.048772  0.051431  0.000000
                              204:  0.048772  0.056329  0.000000
                              205:  0.048772  0.061227  0.000000
                              206:  0.048772  0.066126  0.000000
                              207:  0.048772  0.071024  0.000000
                              208:  0.048772  0.075922  0.000000
                              209:  0.048772  0.080820  0.000000
                              210:  0.048772  0.085718  0.000000
                              211:  0.048772  0.090617  0.000000
                              212:  0.048772  0.095515  0.000000
                              213:  0.048772  0.100413  0.000000
                              214:  0.048772  0.105311  0.000000
                              215:  0.048772  0.110209  0.000000
                              216:  0.048772  0.115108  0.000000
                              217:  0.054510  0.002449  0.000000
                              218:  0.054510  0.007347  0.000000
                              219:  0.054510  0.012245  0.000000
                              220:  0.054510  0.017144  0.000000
                              221:  0.054510  0.022042  0.000000
                              222:  0.054510  0.026940  0.000000
                              223:  0.054510  0.031838  0.000000
                              224:  0.054510  0.036736  0.000000
                              225:  0.054510  0.041635  0.000000
                              226:  0.054510  0.046533  0.000000
                              227:  0.054510  0.051431  0.000000
                              228:  0.054510  0.056329  0.000000
                              229:  0.054510  0.061227  0.000000
                              230:  0.054510  0.066126  0.000000
                              231:  0.054510  0.071024  0.000000
                              232:  0.054510  0.075922  0.000000
                              233:  0.054510  0.080820  0.000000
                              234:  0.054510  0.085718  0.000000
                              235:  0.054510  0.090617  0.000000
                              236:  0.054510  0.095515  0.000000
                              237:  0.054510  0.100413  0.000000
                              238:  0.054510  0.105311  0.000000
                              239:  0.054510  0.110209  0.000000
                              240:  0.054510  0.115108  0.000000
                              241:  0.060248  0.002449  0.000000
                              242:  0.060248  0.007347  0.000000
                              243:  0.060248  0.012245  0.000000
                              244:  0.060248  0.017144  0.000000
                              245:  0.060248  0.022042  0.000000
                              246:  0.060248  0.026940  0.000000
                              247:  0.060248  0.031838  0.000000
                              248:  0.060248  0.036736  0.000000
                              249:  0.060248  0.041635  0.000000
                              250:  0.060248  0.046533  0.000000
                              251:  0.060248  0.051431  0.000000
                              252:  0.060248  0.056329  0.000000
                              253:  0.060248  0.061227  0.000000
                              254:  0.060248  0.066126  0.000000
                              255:  0.060248  0.071024  0.000000
                              256:  0.060248  0.075922  0.000000
                              257:  0.060248  0.080820  0.000000
                              258:  0.060248  0.085718  0.000000
                              259:  0.060248  0.090617  0.000000
                              260:  0.060248  0.095515  0.000000
                              261:  0.060248  0.100413  0.000000
                              262:  0.060248  0.105311  0.000000
                              263:  0.060248  0.110209  0.000000
                              264:  0.060248  0.115108  0.000000
                              265:  0.065986  0.002449  0.000000
                              266:  0.065986  0.007347  0.000000
                              267:  0.065986  0.012245  0.000000
                              268:  0.065986  0.017144  0.000000
                              269:  0.065986  0.022042  0.000000
                              270:  0.065986  0.026940  0.000000
                              271:  0.065986  0.031838  0.000000
                              272:  0.065986  0.036736  0.000000
                              273:  0.065986  0.041635  0.000000
                              274:  0.065986  0.046533  0.000000
                              275:  0.065986  0.051431  0.000000
                              276:  0.065986  0.056329  0.000000
                              277:  0.065986  0.061227  0.000000
                              278:  0.065986  0.066126  0.000000
                              279:  0.065986  0.071024  0.000000
                              280:  0.065986  0.075922  0.000000
                              281:  0.065986  0.080820  0.000000
                              282:  0.065986  0.085718  0.000000
                              283:  0.065986  0.090617  0.000000
                              284:  0.065986  0.095515  0.000000
                              285:  0.065986  0.100413  0.000000
                              286:  0.065986  0.105311  0.000000
                              287:  0.065986  0.110209  0.000000
                              288:  0.065986  0.115108  0.000000

Coordinates of moved atoms (au):
    1      5.82030390      7.15125644     39.03410979
    2      1.44114345      1.35527635     39.03411161
    3      5.82030389      1.35527634     39.03411039
    4      1.44114346      7.15125646     39.03411104
    5      3.63072368      5.63207439     39.03411093
    6      3.63072367      2.87445841     39.03411157

 Total charge:    -0.00000000

 Atomic gross charges (e)
 Atom           Charge
    1      -0.01006618
    2      -0.01006618
    3      -0.01006619
    4      -0.01006619
    5       0.02013237
    6       0.02013237

Nr. of electrons (up):     24.00000000
Atom populations (up)
 Atom       Population
    1       4.01006618
    2       4.01006618
    3       4.01006619
    4       4.01006619
    5       3.97986763
    6       3.97986763

l-shell populations (up)
 Atom Sh.   l       Population
    1   1   0       1.21624781
    1   2   1       2.79381837
    2   1   0       1.21624781
    2   2   1       2.79381837
    3   1   0       1.21624782
    3   2   1       2.79381837
    4   1   0       1.21624782
    4   2   1       2.79381837
    5   1   0       1.16616965
    5   2   1       2.81369799
    6   1   0       1.16616965
    6   2   1       2.81369799

Orbital populations (up)
 Atom Sh.   l   m       Population  Label
    1   1   0   0       1.21624781  s
    1   2   1  -1       0.94135196  p_y
    1   2   1   0       0.98451445  p_z
    1   2   1   1       0.86795196  p_x
    2   1   0   0       1.21624781  s
    2   2   1  -1       0.94135196  p_y
    2   2   1   0       0.98451445  p_z
    2   2   1   1       0.86795196  p_x
    3   1   0   0       1.21624782  s
    3   2   1  -1       0.94135196  p_y
    3   2   1   0       0.98451445  p_z
    3   2   1   1       0.86795196  p_x
    4   1   0   0       1.21624782  s
    4   2   1  -1       0.94135196  p_y
    4   2   1   0       0.98451445  p_z
    4   2   1   1       0.86795196  p_x
    5   1   0   0       1.16616965  s
    5   2   1  -1       0.87966548  p_y
    5   2   1   0       1.03097109  p_z
    5   2   1   1       0.90306142  p_x
    6   1   0   0       1.16616965  s
    6   2   1  -1       0.87966548  p_y
    6   2   1   0       1.03097109  p_z
    6   2   1   1       0.90306142  p_x

Fermi level:                        -0.1693710304 H           -4.6088 eV
Band energy:                       -10.6933620400 H         -290.9812 eV
TS:                                  0.0000035274 H            0.0001 eV
Band free energy (E-TS):           -10.6933655674 H         -290.9813 eV
Extrapolated E(0K):                -10.6933638037 H         -290.9812 eV
Input / Output electrons (q):     24.0000000000     24.0000000000

Energy H0:                         -10.6959798116 H         -291.0524 eV
Energy SCC:                          0.0000534127 H            0.0015 eV
Total Electronic energy:           -10.6959263989 H         -291.0510 eV
Repulsive energy:                    0.4189371341 H           11.3999 eV
Total energy:                      -10.2769892648 H         -279.6511 eV
Extrapolated to 0:                 -10.2769910285 H         -279.6512 eV
Total Mermin free energy:          -10.2769927922 H         -279.6512 eV
Force related energy:              -10.2769927922 H         -279.6512 eV

SCC converged

Full geometry written in geom1.out.{xyz|gen}

Total Forces
    1     -0.000012551288      0.000006522674      0.000000089188
    2      0.000012551287     -0.000006522674     -0.000000056291
    3     -0.000012546155     -0.000006522961      0.000000033434
    4      0.000012546156      0.000006522961     -0.000000007939
    5     -0.000000003846     -0.000000056303     -0.000000004088
    6      0.000000003846      0.000000056304     -0.000000054304

Total stress tensor
     -0.000000027882      0.000000000009      0.000000000000
      0.000000000009     -0.000000120900     -0.000000000000
      0.000000000000     -0.000000000000      0.000000000000

Total lattice derivs
      0.000018516195     -0.000000006013     -0.000000000004
     -0.000000005134      0.000068538590      0.000000000001
     -0.000000000000      0.000000000000     -0.000000000000

Maximal derivative component:        0.125513E-04 au
Max force for moved atoms::          0.125513E-04 au

Volume:                              0.482237E+04 au^3
Pressure:                           -0.495941E-07 au    -0.145911E+07 Pa

Warning: dipole moment is not defined absolutely!
Dipole moment:   -0.00000000   -0.00000000    0.00000002 au
Dipole moment:   -0.00000000   -0.00000000    0.00000006 Debye

Geometry converged

